0 info it worked if it ends with ok
1 verbose cli [ 'node', '/usr/local/bin/npm', 'info', 'metricsgraphics' ]
2 info using npm@1.4.6
3 info using node@v0.10.26
4 verbose node symlink /usr/local/bin/node
5 verbose url raw metricsgraphics
6 verbose url resolving [ 'https://registry.npmjs.org/', './metricsgraphics' ]
7 verbose url resolved https://registry.npmjs.org/metricsgraphics
8 info trying registry request attempt 1 at 12:43:35
9 http GET https://registry.npmjs.org/metricsgraphics
10 http 404 https://registry.npmjs.org/metricsgraphics
11 silly registry.get cb [ 404,
11 silly registry.get   { date: 'Sat, 27 Dec 2014 18:43:37 GMT',
11 silly registry.get     server: 'CouchDB/1.5.0 (Erlang OTP/R16B03)',
11 silly registry.get     'content-type': 'application/json',
11 silly registry.get     'cache-control': 'max-age=0',
11 silly registry.get     'content-length': '52',
11 silly registry.get     'accept-ranges': 'bytes',
11 silly registry.get     via: '1.1 varnish',
11 silly registry.get     age: '0',
11 silly registry.get     'x-served-by': 'cache-dfw1828-DFW',
11 silly registry.get     'x-cache': 'MISS',
11 silly registry.get     'x-cache-hits': '0',
11 silly registry.get     'x-timer': 'S1419705816.885885,VS0,VE268',
11 silly registry.get     'keep-alive': 'timeout=10, max=50',
11 silly registry.get     connection: 'Keep-Alive' } ]
12 error 404 'metricsgraphics' is not in the npm registry.
12 error 404 You should bug the author to publish it
12 error 404
12 error 404 Note that you can also install from a
12 error 404 tarball, folder, or http url, or git url.
13 error System Darwin 13.1.0
14 error command "node" "/usr/local/bin/npm" "info" "metricsgraphics"
15 error cwd /Users/davidmcclure/Projects/humanist
16 error node -v v0.10.26
17 error npm -v 1.4.6
18 error code E404
19 verbose exit [ 1, true ]
